<?xml version="1.0" encoding="UTF-8"?>
<!-- Generated by org.testng.reporters.JUnitReportReporter -->
<testsuite hostname="DESKTOP-LAQ4TS2" failures="0" tests="1" name="base.Testing" time="5.973" errors="0" timestamp="28 avg 2019 11:21:47 GMT" skipped="0">
  <testcase classname="base.Testing" name="testing" time="5.973"/>
</testsuite> <!-- base.Testing -->
