<?xml version="1.0" encoding="UTF-8"?>
<!-- Generated by org.testng.reporters.JUnitReportReporter -->
<testsuite hostname="DESKTOP-LAQ4TS2" failures="0" tests="1" name="testCases.TestNavbar" time="19.689" errors="0" timestamp="30 avg 2019 17:21:45 GMT" skipped="0">
  <testcase classname="testCases.TestNavbar" name="testNavIcon" time="19.689"/>
</testsuite> <!-- testCases.TestNavbar -->
