<?xml version="1.0" encoding="UTF-8"?>
<!-- Generated by org.testng.reporters.JUnitReportReporter -->
<testsuite hostname="DESKTOP-LAQ4TS2" failures="0" tests="2" name="testCases.TestPeople" time="198.531" errors="0" timestamp="30 avg 2019 18:06:12 GMT" skipped="0">
  <testcase classname="testCases.TestPeople" name="testApache" time="187.728"/>
  <testcase classname="testCases.TestPeople" name="writingInExcel" time="10.803"/>
</testsuite> <!-- testCases.TestPeople -->
